0 info it worked if it ends with ok
1 verbose cli [ '/Users/junjianchen/.nvm/versions/node/v4.4.4/bin/node',
1 verbose cli   '/Users/junjianchen/.nvm/versions/node/v4.4.4/bin/npm',
1 verbose cli   'run',
1 verbose cli   'dev' ]
2 info using npm@2.15.1
3 info using node@v4.4.4
4 verbose stack Error: missing script: dev
4 verbose stack     at run (/Users/junjianchen/.nvm/versions/node/v4.4.4/lib/node_modules/npm/lib/run-script.js:142:19)
4 verbose stack     at /Users/junjianchen/.nvm/versions/node/v4.4.4/lib/node_modules/npm/lib/run-script.js:58:5
4 verbose stack     at /Users/junjianchen/.nvm/versions/node/v4.4.4/lib/node_modules/npm/node_modules/read-package-json/read-json.js:345:5
4 verbose stack     at checkBinReferences_ (/Users/junjianchen/.nvm/versions/node/v4.4.4/lib/node_modules/npm/node_modules/read-package-json/read-json.js:309:45)
4 verbose stack     at final (/Users/junjianchen/.nvm/versions/node/v4.4.4/lib/node_modules/npm/node_modules/read-package-json/read-json.js:343:3)
4 verbose stack     at then (/Users/junjianchen/.nvm/versions/node/v4.4.4/lib/node_modules/npm/node_modules/read-package-json/read-json.js:113:5)
4 verbose stack     at /Users/junjianchen/.nvm/versions/node/v4.4.4/lib/node_modules/npm/node_modules/read-package-json/read-json.js:300:12
4 verbose stack     at /Users/junjianchen/.nvm/versions/node/v4.4.4/lib/node_modules/npm/node_modules/graceful-fs/graceful-fs.js:78:16
4 verbose stack     at FSReqWrap.readFileAfterClose [as oncomplete] (fs.js:380:3)
5 verbose cwd /Users/junjianchen/work/eshinetech/realProject/v2/bbcloud-monolithic
6 error Darwin 15.5.0
7 error argv "/Users/junjianchen/.nvm/versions/node/v4.4.4/bin/node" "/Users/junjianchen/.nvm/versions/node/v4.4.4/bin/npm" "run" "dev"
8 error node v4.4.4
9 error npm  v2.15.1
10 error missing script: dev
11 error If you need help, you may report this error at:
11 error     <https://github.com/npm/npm/issues>
12 verbose exit [ 1, true ]
